<?xml version="1.0" encoding="UTF-8"?>
<!-- Generated by org.testng.reporters.JUnitXMLReporter -->
<testsuite ignored="0" hostname="Vicky" failures="0" tests="3" name="ChromeTest" time="23.961" errors="0" timestamp="2023-05-03T09:34:39 IST">
  <testcase classname="testng.verifyForgotPassWordPage" name="test1" time="10.871"/>
  <testcase classname="testng.verifyForgotPassWordPage" name="test2" time="0.066"/>
  <testcase classname="testng.verifyForgotPassWordPage" name="test3" time="0.458"/>
</testsuite> <!-- ChromeTest -->
