<?xml version="1.0" encoding="UTF-8"?>
<!-- Generated by org.testng.reporters.JUnitXMLReporter -->
<testsuite ignored="0" hostname="Vicky" failures="0" tests="3" name="ChromeTest" time="36.928" errors="0" timestamp="2023-03-30T14:24:49 IST">
  <testcase classname="testng.verifyForgotPassWordPage" name="test1" time="21.9"/>
  <testcase classname="testng.verifyForgotPassWordPage" name="test2" time="0.054"/>
  <testcase classname="testng.verifyForgotPassWordPage" name="test3" time="0.251"/>
</testsuite> <!-- ChromeTest -->
