<?xml version="1.0" encoding="UTF-8"?>
<!-- Generated by org.testng.reporters.JUnitXMLReporter -->
<testsuite ignored="0" hostname="Vicky" failures="0" tests="3" name="EdgeTest" time="40.925" errors="0" timestamp="2023-03-30T14:24:53 IST">
  <testcase classname="testng.verifyForgotPassWordPage" name="test1" time="22.586"/>
  <testcase classname="testng.verifyForgotPassWordPage" name="test2" time="0.091"/>
  <testcase classname="testng.verifyForgotPassWordPage" name="test3" time="0.199"/>
</testsuite> <!-- EdgeTest -->
