<?xml version="1.0" encoding="UTF-8"?>
<!-- Generated by org.testng.reporters.JUnitXMLReporter -->
<testsuite ignored="0" hostname="Vicky" failures="0" tests="3" name="FirefoxTest" time="0.47" errors="0" timestamp="2025-11-16T17:02:40 IST">
  <testcase classname="testng.verifyForgotPassWordPage" name="@BeforeTest operaBrowse" time="0.09">
    <failure type="java.lang.NullPointerException" message="Cannot invoke &amp;quot;org.openqa.selenium.WebDriver.manage()&amp;quot; because &amp;quot;this.driver&amp;quot; is null">
      <![CDATA[java.lang.NullPointerException: Cannot invoke "org.openqa.selenium.WebDriver.manage()" because "this.driver" is null
at testng.verifyForgotPassWordPage.operaBrowse(verifyForgotPassWordPage.java:87)
at java.base/java.util.concurrent.FutureTask.run(FutureTask.java:264)
at java.base/java.util.concurrent.ThreadPoolExecutor.runWorker(ThreadPoolExecutor.java:1136)
at java.base/java.util.concurrent.ThreadPoolExecutor$Worker.run(ThreadPoolExecutor.java:635)
at java.base/java.lang.Thread.run(Thread.java:833)
... Removed 15 stack frames]]>
    </failure>
  </testcase> <!-- @BeforeTest operaBrowse -->
  <testcase classname="testng.verifyForgotPassWordPage" name="@BeforeClass beforeclass" time="-1.763292759932E9">
    <skipped/>
  </testcase> <!-- @BeforeClass beforeclass -->
  <testcase classname="testng.verifyForgotPassWordPage" name="@BeforeMethod beforeMethod" time="-1.763292759965E9">
    <skipped/>
  </testcase> <!-- @BeforeMethod beforeMethod -->
  <testcase classname="testng.verifyForgotPassWordPage" name="@AfterMethod afterMethod" time="-1.763292759989E9">
    <skipped/>
  </testcase> <!-- @AfterMethod afterMethod -->
  <testcase classname="testng.verifyForgotPassWordPage" name="@BeforeMethod beforeMethod" time="-1.763292759997E9">
    <skipped/>
  </testcase> <!-- @BeforeMethod beforeMethod -->
  <testcase classname="testng.verifyForgotPassWordPage" name="@AfterMethod afterMethod" time="-1.763292760009E9">
    <skipped/>
  </testcase> <!-- @AfterMethod afterMethod -->
  <testcase classname="testng.verifyForgotPassWordPage" name="@BeforeMethod beforeMethod" time="-1.763292760014E9">
    <skipped/>
  </testcase> <!-- @BeforeMethod beforeMethod -->
  <testcase classname="testng.verifyForgotPassWordPage" name="@AfterMethod afterMethod" time="-1.763292760035E9">
    <skipped/>
  </testcase> <!-- @AfterMethod afterMethod -->
  <testcase classname="testng.verifyForgotPassWordPage" name="@AfterClass afterclass" time="-1.763292760064E9">
    <skipped/>
  </testcase> <!-- @AfterClass afterclass -->
  <testcase classname="testng.verifyForgotPassWordPage" name="@AfterTest afterTest" time="-1.763292760089E9">
    <skipped/>
  </testcase> <!-- @AfterTest afterTest -->
  <testcase classname="testng.verifyForgotPassWordPage" name="@BeforeTest operaBrowse" time="0.373">
    <failure type="java.lang.NullPointerException" message="Cannot invoke &amp;quot;org.openqa.selenium.WebDriver.manage()&amp;quot; because &amp;quot;this.driver&amp;quot; is null">
      <![CDATA[java.lang.NullPointerException: Cannot invoke "org.openqa.selenium.WebDriver.manage()" because "this.driver" is null
at testng.verifyForgotPassWordPage.operaBrowse(verifyForgotPassWordPage.java:87)
at java.base/java.util.concurrent.FutureTask.run(FutureTask.java:264)
at java.base/java.util.concurrent.ThreadPoolExecutor.runWorker(ThreadPoolExecutor.java:1136)
at java.base/java.util.concurrent.ThreadPoolExecutor$Worker.run(ThreadPoolExecutor.java:635)
at java.base/java.lang.Thread.run(Thread.java:833)
... Removed 15 stack frames]]>
    </failure>
  </testcase> <!-- @BeforeTest operaBrowse -->
  <testcase classname="testng.verifyForgotPassWordPage" name="@BeforeClass beforeclass" time="-1.763292760143E9">
    <skipped/>
  </testcase> <!-- @BeforeClass beforeclass -->
  <testcase classname="testng.verifyForgotPassWordPage" name="@BeforeMethod beforeMethod" time="-1.763292760155E9">
    <skipped/>
  </testcase> <!-- @BeforeMethod beforeMethod -->
  <testcase classname="testng.verifyForgotPassWordPage" name="@AfterMethod afterMethod" time="-1.763292760168E9">
    <skipped/>
  </testcase> <!-- @AfterMethod afterMethod -->
  <testcase classname="testng.verifyForgotPassWordPage" name="@BeforeMethod beforeMethod" time="-1.763292760169E9">
    <skipped/>
  </testcase> <!-- @BeforeMethod beforeMethod -->
  <testcase classname="testng.verifyForgotPassWordPage" name="@AfterMethod afterMethod" time="-1.763292760179E9">
    <skipped/>
  </testcase> <!-- @AfterMethod afterMethod -->
  <testcase classname="testng.verifyForgotPassWordPage" name="@BeforeMethod beforeMethod" time="-1.763292760185E9">
    <skipped/>
  </testcase> <!-- @BeforeMethod beforeMethod -->
  <testcase classname="testng.verifyForgotPassWordPage" name="@AfterMethod afterMethod" time="-1.763292760203E9">
    <skipped/>
  </testcase> <!-- @AfterMethod afterMethod -->
  <testcase classname="testng.verifyForgotPassWordPage" name="@AfterClass afterclass" time="-1.763292760206E9">
    <skipped/>
  </testcase> <!-- @AfterClass afterclass -->
  <testcase classname="testng.verifyForgotPassWordPage" name="@AfterTest afterTest" time="-1.76329276022E9">
    <skipped/>
  </testcase> <!-- @AfterTest afterTest -->
  <testcase classname="testng.verifyForgotPassWordPage" name="test1" time="0.0">
    <skipped/>
  </testcase> <!-- test1 -->
  <testcase classname="testng.verifyForgotPassWordPage" name="test2" time="0.0">
    <skipped/>
  </testcase> <!-- test2 -->
  <testcase classname="testng.verifyForgotPassWordPage" name="test3" time="0.0">
    <skipped/>
  </testcase> <!-- test3 -->
</testsuite> <!-- FirefoxTest -->
