<?xml version="1.0" encoding="UTF-8"?>
<!-- Generated by org.testng.reporters.JUnitXMLReporter -->
<testsuite ignored="0" hostname="Vicky" failures="0" tests="3" name="FirefoxTest" time="39.761" errors="0" timestamp="2023-03-30T14:24:52 IST">
  <testcase classname="testng.verifyForgotPassWordPage" name="test1" time="21.468"/>
  <testcase classname="testng.verifyForgotPassWordPage" name="test2" time="0.069"/>
  <testcase classname="testng.verifyForgotPassWordPage" name="test3" time="0.323"/>
</testsuite> <!-- FirefoxTest -->
