<?xml version="1.0" encoding="UTF-8"?>
<!-- Generated by org.testng.reporters.JUnitXMLReporter -->
<testsuite ignored="0" hostname="Vicky" failures="0" tests="3" name="ChromeTest" time="39.532" errors="0" timestamp="2026-02-03T22:48:46 IST">
  <testcase classname="testng.verifyForgotPassWordPage" name="test1" time="24.259"/>
  <testcase classname="testng.verifyForgotPassWordPage" name="test2" time="0.044"/>
  <testcase classname="testng.verifyForgotPassWordPage" name="test3" time="0.159"/>
</testsuite> <!-- ChromeTest -->
