<?xml version="1.0" encoding="UTF-8"?>
<!-- Generated by org.testng.reporters.JUnitXMLReporter -->
<testsuite ignored="0" hostname="Vicky" failures="0" tests="3" name="ChromeTest" time="37.626" errors="0" timestamp="2026-02-03T09:43:01 IST">
  <testcase classname="testng.verifyForgotPassWordPage" name="test1" time="11.312"/>
  <testcase classname="testng.verifyForgotPassWordPage" name="test2" time="0.054"/>
  <testcase classname="testng.verifyForgotPassWordPage" name="test3" time="0.275"/>
</testsuite> <!-- ChromeTest -->
