<?xml version="1.0" encoding="UTF-8"?>
<!-- Generated by org.testng.reporters.JUnitXMLReporter -->
<testsuite ignored="0" hostname="Vicky" failures="0" tests="3" name="Test" time="11.203" errors="0" timestamp="2023-03-23T17:06:24 IST">
  <testcase classname="testng.verifyForgotPassWordPage" name="test1" time="0.835"/>
  <testcase classname="testng.verifyForgotPassWordPage" name="test2" time="0.035"/>
  <testcase classname="testng.verifyForgotPassWordPage" name="test3" time="0.214"/>
</testsuite> <!-- Test -->
