<?xml version="1.0" encoding="UTF-8"?>
<testng-results ignored="0" total="9" passed="9" failed="0" skipped="0">
  <reporter-output>
  </reporter-output>
  <suite started-at="2023-03-30T14:24:12 IST" name="Suite" finished-at="2023-03-30T14:24:53 IST" duration-ms="40925">
    <groups>
    </groups>
    <test started-at="2023-03-30T14:24:12 IST" name="ChromeTest" finished-at="2023-03-30T14:24:49 IST" duration-ms="36928">
      <class name="testng.verifyForgotPassWordPage">
        <test-method is-config="true" signature="operaBrowse(java.lang.String)[pri:0, instance:testng.verifyForgotPassWordPage@8dbdac1]" started-at="2023-03-30T14:24:12 IST" name="operaBrowse" finished-at="2023-03-30T14:24:15 IST" duration-ms="2922" status="PASS">
          <params>
            <param index="0">
              <value>
                <![CDATA[Chrome]]>
              </value>
            </param>
          </params>
          <reporter-output>
          </reporter-output>
        </test-method> <!-- operaBrowse -->
        <test-method is-config="true" signature="beforeclass()[pri:0, instance:testng.verifyForgotPassWordPage@8dbdac1]" started-at="2023-03-30T14:24:15 IST" name="beforeclass" finished-at="2023-03-30T14:24:15 IST" duration-ms="0" status="PASS">
          <reporter-output>
          </reporter-output>
        </test-method> <!-- beforeclass -->
        <test-method is-config="true" signature="beforeMethod()[pri:0, instance:testng.verifyForgotPassWordPage@8dbdac1]" started-at="2023-03-30T14:24:15 IST" name="beforeMethod" finished-at="2023-03-30T14:24:20 IST" duration-ms="4544" status="PASS">
          <reporter-output>
          </reporter-output>
        </test-method> <!-- beforeMethod -->
        <test-method signature="test1()[pri:0, instance:testng.verifyForgotPassWordPage@8dbdac1]" started-at="2023-03-30T14:24:20 IST" name="test1" finished-at="2023-03-30T14:24:42 IST" duration-ms="21900" status="PASS">
          <reporter-output>
          </reporter-output>
        </test-method> <!-- test1 -->
        <test-method is-config="true" signature="afterMethod()[pri:0, instance:testng.verifyForgotPassWordPage@8dbdac1]" started-at="2023-03-30T14:24:42 IST" name="afterMethod" finished-at="2023-03-30T14:24:42 IST" duration-ms="2" status="PASS">
          <reporter-output>
          </reporter-output>
        </test-method> <!-- afterMethod -->
        <test-method is-config="true" signature="beforeMethod()[pri:0, instance:testng.verifyForgotPassWordPage@8dbdac1]" started-at="2023-03-30T14:24:42 IST" name="beforeMethod" finished-at="2023-03-30T14:24:44 IST" duration-ms="2445" status="PASS">
          <reporter-output>
          </reporter-output>
        </test-method> <!-- beforeMethod -->
        <test-method signature="test2()[pri:0, instance:testng.verifyForgotPassWordPage@8dbdac1]" started-at="2023-03-30T14:24:44 IST" name="test2" finished-at="2023-03-30T14:24:44 IST" duration-ms="54" status="PASS">
          <reporter-output>
          </reporter-output>
        </test-method> <!-- test2 -->
        <test-method is-config="true" signature="afterMethod()[pri:0, instance:testng.verifyForgotPassWordPage@8dbdac1]" started-at="2023-03-30T14:24:44 IST" name="afterMethod" finished-at="2023-03-30T14:24:44 IST" duration-ms="0" status="PASS">
          <reporter-output>
          </reporter-output>
        </test-method> <!-- afterMethod -->
        <test-method is-config="true" signature="beforeMethod()[pri:0, instance:testng.verifyForgotPassWordPage@8dbdac1]" started-at="2023-03-30T14:24:44 IST" name="beforeMethod" finished-at="2023-03-30T14:24:49 IST" duration-ms="4359" status="PASS">
          <reporter-output>
          </reporter-output>
        </test-method> <!-- beforeMethod -->
        <test-method signature="test3()[pri:0, instance:testng.verifyForgotPassWordPage@8dbdac1]" started-at="2023-03-30T14:24:49 IST" name="test3" finished-at="2023-03-30T14:24:49 IST" duration-ms="251" status="PASS">
          <reporter-output>
          </reporter-output>
        </test-method> <!-- test3 -->
        <test-method is-config="true" signature="afterMethod()[pri:0, instance:testng.verifyForgotPassWordPage@8dbdac1]" started-at="2023-03-30T14:24:49 IST" name="afterMethod" finished-at="2023-03-30T14:24:49 IST" duration-ms="0" status="PASS">
          <reporter-output>
          </reporter-output>
        </test-method> <!-- afterMethod -->
        <test-method is-config="true" signature="afterclass()[pri:0, instance:testng.verifyForgotPassWordPage@8dbdac1]" started-at="2023-03-30T14:24:49 IST" name="afterclass" finished-at="2023-03-30T14:24:49 IST" duration-ms="1" status="PASS">
          <reporter-output>
          </reporter-output>
        </test-method> <!-- afterclass -->
        <test-method is-config="true" signature="afterTest()[pri:0, instance:testng.verifyForgotPassWordPage@8dbdac1]" started-at="2023-03-30T14:24:49 IST" name="afterTest" finished-at="2023-03-30T14:24:49 IST" duration-ms="338" status="PASS">
          <reporter-output>
          </reporter-output>
        </test-method> <!-- afterTest -->
      </class> <!-- testng.verifyForgotPassWordPage -->
    </test> <!-- ChromeTest -->
    <test started-at="2023-03-30T14:24:12 IST" name="FirefoxTest" finished-at="2023-03-30T14:24:52 IST" duration-ms="39761">
      <class name="testng.verifyForgotPassWordPage">
        <test-method is-config="true" signature="operaBrowse(java.lang.String)[pri:0, instance:testng.verifyForgotPassWordPage@8f4ea7c]" started-at="2023-03-30T14:24:12 IST" name="operaBrowse" finished-at="2023-03-30T14:24:18 IST" duration-ms="5219" status="PASS">
          <params>
            <param index="0">
              <value>
                <![CDATA[Firefox]]>
              </value>
            </param>
          </params>
          <reporter-output>
          </reporter-output>
        </test-method> <!-- operaBrowse -->
        <test-method is-config="true" signature="beforeclass()[pri:0, instance:testng.verifyForgotPassWordPage@8f4ea7c]" started-at="2023-03-30T14:24:18 IST" name="beforeclass" finished-at="2023-03-30T14:24:18 IST" duration-ms="0" status="PASS">
          <reporter-output>
          </reporter-output>
        </test-method> <!-- beforeclass -->
        <test-method is-config="true" signature="beforeMethod()[pri:0, instance:testng.verifyForgotPassWordPage@8f4ea7c]" started-at="2023-03-30T14:24:18 IST" name="beforeMethod" finished-at="2023-03-30T14:24:21 IST" duration-ms="3429" status="PASS">
          <reporter-output>
          </reporter-output>
        </test-method> <!-- beforeMethod -->
        <test-method signature="test1()[pri:0, instance:testng.verifyForgotPassWordPage@8f4ea7c]" started-at="2023-03-30T14:24:21 IST" name="test1" finished-at="2023-03-30T14:24:42 IST" duration-ms="21468" status="PASS">
          <reporter-output>
          </reporter-output>
        </test-method> <!-- test1 -->
        <test-method is-config="true" signature="afterMethod()[pri:0, instance:testng.verifyForgotPassWordPage@8f4ea7c]" started-at="2023-03-30T14:24:42 IST" name="afterMethod" finished-at="2023-03-30T14:24:42 IST" duration-ms="1" status="PASS">
          <reporter-output>
          </reporter-output>
        </test-method> <!-- afterMethod -->
        <test-method is-config="true" signature="beforeMethod()[pri:0, instance:testng.verifyForgotPassWordPage@8f4ea7c]" started-at="2023-03-30T14:24:42 IST" name="beforeMethod" finished-at="2023-03-30T14:24:45 IST" duration-ms="2518" status="PASS">
          <reporter-output>
          </reporter-output>
        </test-method> <!-- beforeMethod -->
        <test-method signature="test2()[pri:0, instance:testng.verifyForgotPassWordPage@8f4ea7c]" started-at="2023-03-30T14:24:45 IST" name="test2" finished-at="2023-03-30T14:24:45 IST" duration-ms="69" status="PASS">
          <reporter-output>
          </reporter-output>
        </test-method> <!-- test2 -->
        <test-method is-config="true" signature="afterMethod()[pri:0, instance:testng.verifyForgotPassWordPage@8f4ea7c]" started-at="2023-03-30T14:24:45 IST" name="afterMethod" finished-at="2023-03-30T14:24:45 IST" duration-ms="1" status="PASS">
          <reporter-output>
          </reporter-output>
        </test-method> <!-- afterMethod -->
        <test-method is-config="true" signature="beforeMethod()[pri:0, instance:testng.verifyForgotPassWordPage@8f4ea7c]" started-at="2023-03-30T14:24:45 IST" name="beforeMethod" finished-at="2023-03-30T14:24:51 IST" duration-ms="5549" status="PASS">
          <reporter-output>
          </reporter-output>
        </test-method> <!-- beforeMethod -->
        <test-method signature="test3()[pri:0, instance:testng.verifyForgotPassWordPage@8f4ea7c]" started-at="2023-03-30T14:24:51 IST" name="test3" finished-at="2023-03-30T14:24:51 IST" duration-ms="323" status="PASS">
          <reporter-output>
          </reporter-output>
        </test-method> <!-- test3 -->
        <test-method is-config="true" signature="afterclass()[pri:0, instance:testng.verifyForgotPassWordPage@8f4ea7c]" started-at="2023-03-30T14:24:51 IST" name="afterclass" finished-at="2023-03-30T14:24:51 IST" duration-ms="3" status="PASS">
          <reporter-output>
          </reporter-output>
        </test-method> <!-- afterclass -->
        <test-method is-config="true" signature="afterMethod()[pri:0, instance:testng.verifyForgotPassWordPage@8f4ea7c]" started-at="2023-03-30T14:24:51 IST" name="afterMethod" finished-at="2023-03-30T14:24:51 IST" duration-ms="0" status="PASS">
          <reporter-output>
          </reporter-output>
        </test-method> <!-- afterMethod -->
        <test-method is-config="true" signature="afterTest()[pri:0, instance:testng.verifyForgotPassWordPage@8f4ea7c]" started-at="2023-03-30T14:24:51 IST" name="afterTest" finished-at="2023-03-30T14:24:52 IST" duration-ms="1132" status="PASS">
          <reporter-output>
          </reporter-output>
        </test-method> <!-- afterTest -->
      </class> <!-- testng.verifyForgotPassWordPage -->
    </test> <!-- FirefoxTest -->
    <test started-at="2023-03-30T14:24:12 IST" name="EdgeTest" finished-at="2023-03-30T14:24:53 IST" duration-ms="40925">
      <class name="testng.verifyForgotPassWordPage">
        <test-method is-config="true" signature="operaBrowse(java.lang.String)[pri:0, instance:testng.verifyForgotPassWordPage@77847718]" started-at="2023-03-30T14:24:12 IST" name="operaBrowse" finished-at="2023-03-30T14:24:15 IST" duration-ms="2941" status="PASS">
          <params>
            <param index="0">
              <value>
                <![CDATA[Edge]]>
              </value>
            </param>
          </params>
          <reporter-output>
          </reporter-output>
        </test-method> <!-- operaBrowse -->
        <test-method is-config="true" signature="beforeclass()[pri:0, instance:testng.verifyForgotPassWordPage@77847718]" started-at="2023-03-30T14:24:15 IST" name="beforeclass" finished-at="2023-03-30T14:24:15 IST" duration-ms="0" status="PASS">
          <reporter-output>
          </reporter-output>
        </test-method> <!-- beforeclass -->
        <test-method is-config="true" signature="beforeMethod()[pri:0, instance:testng.verifyForgotPassWordPage@77847718]" started-at="2023-03-30T14:24:15 IST" name="beforeMethod" finished-at="2023-03-30T14:24:21 IST" duration-ms="5497" status="PASS">
          <reporter-output>
          </reporter-output>
        </test-method> <!-- beforeMethod -->
        <test-method signature="test1()[pri:0, instance:testng.verifyForgotPassWordPage@77847718]" started-at="2023-03-30T14:24:21 IST" name="test1" finished-at="2023-03-30T14:24:43 IST" duration-ms="22586" status="PASS">
          <reporter-output>
          </reporter-output>
        </test-method> <!-- test1 -->
        <test-method is-config="true" signature="afterMethod()[pri:0, instance:testng.verifyForgotPassWordPage@77847718]" started-at="2023-03-30T14:24:43 IST" name="afterMethod" finished-at="2023-03-30T14:24:43 IST" duration-ms="1" status="PASS">
          <reporter-output>
          </reporter-output>
        </test-method> <!-- afterMethod -->
        <test-method is-config="true" signature="beforeMethod()[pri:0, instance:testng.verifyForgotPassWordPage@77847718]" started-at="2023-03-30T14:24:43 IST" name="beforeMethod" finished-at="2023-03-30T14:24:50 IST" duration-ms="6433" status="PASS">
          <reporter-output>
          </reporter-output>
        </test-method> <!-- beforeMethod -->
        <test-method signature="test2()[pri:0, instance:testng.verifyForgotPassWordPage@77847718]" started-at="2023-03-30T14:24:50 IST" name="test2" finished-at="2023-03-30T14:24:50 IST" duration-ms="91" status="PASS">
          <reporter-output>
          </reporter-output>
        </test-method> <!-- test2 -->
        <test-method is-config="true" signature="afterMethod()[pri:0, instance:testng.verifyForgotPassWordPage@77847718]" started-at="2023-03-30T14:24:50 IST" name="afterMethod" finished-at="2023-03-30T14:24:50 IST" duration-ms="1" status="PASS">
          <reporter-output>
          </reporter-output>
        </test-method> <!-- afterMethod -->
        <test-method is-config="true" signature="beforeMethod()[pri:0, instance:testng.verifyForgotPassWordPage@77847718]" started-at="2023-03-30T14:24:50 IST" name="beforeMethod" finished-at="2023-03-30T14:24:53 IST" duration-ms="2754" status="PASS">
          <reporter-output>
          </reporter-output>
        </test-method> <!-- beforeMethod -->
        <test-method signature="test3()[pri:0, instance:testng.verifyForgotPassWordPage@77847718]" started-at="2023-03-30T14:24:53 IST" name="test3" finished-at="2023-03-30T14:24:53 IST" duration-ms="199" status="PASS">
          <reporter-output>
          </reporter-output>
        </test-method> <!-- test3 -->
        <test-method is-config="true" signature="afterMethod()[pri:0, instance:testng.verifyForgotPassWordPage@77847718]" started-at="2023-03-30T14:24:53 IST" name="afterMethod" finished-at="2023-03-30T14:24:53 IST" duration-ms="1" status="PASS">
          <reporter-output>
          </reporter-output>
        </test-method> <!-- afterMethod -->
        <test-method is-config="true" signature="afterclass()[pri:0, instance:testng.verifyForgotPassWordPage@77847718]" started-at="2023-03-30T14:24:53 IST" name="afterclass" finished-at="2023-03-30T14:24:53 IST" duration-ms="0" status="PASS">
          <reporter-output>
          </reporter-output>
        </test-method> <!-- afterclass -->
        <test-method is-config="true" signature="afterTest()[pri:0, instance:testng.verifyForgotPassWordPage@77847718]" started-at="2023-03-30T14:24:53 IST" name="afterTest" finished-at="2023-03-30T14:24:53 IST" duration-ms="343" status="PASS">
          <reporter-output>
          </reporter-output>
        </test-method> <!-- afterTest -->
        <test-method is-config="true" signature="aftersuite()[pri:0, instance:testng.verifyForgotPassWordPage@77847718]" started-at="2023-03-30T14:24:53 IST" name="aftersuite" finished-at="2023-03-30T14:24:53 IST" duration-ms="3" status="PASS">
          <reporter-output>
          </reporter-output>
        </test-method> <!-- aftersuite -->
      </class> <!-- testng.verifyForgotPassWordPage -->
    </test> <!-- EdgeTest -->
  </suite> <!-- Suite -->
</testng-results>
