<?xml version="1.0" encoding="UTF-8"?>
<!-- Generated by org.testng.reporters.JUnitReportReporter -->
<testsuite hostname="Vicky" failures="0" tests="3" name="testng.verifyForgotPassWordPage" time="34.482" errors="0" timestamp="2026-02-03T09:43:02 IST" skipped="0">
  <testcase classname="testng.verifyForgotPassWordPage" name="test2" time="19.195"/>
  <system-out/>
  <testcase classname="testng.verifyForgotPassWordPage" name="test3" time="2.199"/>
  <system-out/>
  <testcase classname="testng.verifyForgotPassWordPage" name="test1" time="13.088"/>
  <system-out/>
</testsuite> <!-- testng.verifyForgotPassWordPage -->
