<?xml version="1.0" encoding="UTF-8"?>
<!-- Generated by org.testng.reporters.JUnitReportReporter -->
<testsuite hostname="Vicky" failures="0" tests="3" name="testng.verifyForgotPassWordPage" time="16.958" errors="0" timestamp="2026-02-04T23:18:09 IST" skipped="0">
  <testcase classname="testng.verifyForgotPassWordPage" name="test2" time="1.941"/>
  <system-out/>
  <testcase classname="testng.verifyForgotPassWordPage" name="test3" time="2.298"/>
  <system-out/>
  <testcase classname="testng.verifyForgotPassWordPage" name="test1" time="12.719"/>
  <system-out/>
</testsuite> <!-- testng.verifyForgotPassWordPage -->
